2025-10-02 14:19:02 - asyncio - DEBUG - Using proactor: IocpProactor
2025-10-02 14:19:02 - httpcore.connection - DEBUG - connect_tcp.started host='api.telegram.org' port=443 local_address=None timeout=5.0 socket_options=None
2025-10-02 14:19:02 - httpcore.connection - DEBUG - connect_tcp.complete return_value=<httpcore._backends.anyio.AnyIOStream object at 0x000001A53CB7E900>
2025-10-02 14:19:02 - httpcore.connection - DEBUG - start_tls.started ssl_context=<ssl.SSLContext object at 0x000001A53C9B71B0> server_hostname='api.telegram.org' timeout=5.0
2025-10-02 14:19:02 - httpcore.connection - DEBUG - start_tls.complete return_value=<httpcore._backends.anyio.AnyIOStream object at 0x000001A53CB43890>
2025-10-02 14:19:02 - httpcore.http11 - DEBUG - send_request_headers.started request=<Request [b'POST']>
2025-10-02 14:19:02 - httpcore.http11 - DEBUG - send_request_headers.complete
2025-10-02 14:19:02 - httpcore.http11 - DEBUG - send_request_body.started request=<Request [b'POST']>
2025-10-02 14:19:02 - httpcore.http11 - DEBUG - send_request_body.complete
2025-10-02 14:19:02 - httpcore.http11 - DEBUG - receive_response_headers.started request=<Request [b'POST']>
2025-10-02 14:19:02 - httpcore.http11 - DEBUG - receive_response_headers.complete return_value=(b'HTTP/1.1', 200, b'OK', [(b'Server', b'nginx/1.18.0'), (b'Date', b'Thu, 02 Oct 2025 09:19:00 GMT'), (b'Content-Type', b'application/json'), (b'Content-Length', b'250'), (b'Connection', b'keep-alive'), (b'Strict-Transport-Security', b'max-age=31536000; includeSubDomains; preload'), (b'Access-Control-Allow-Origin', b'*'), (b'Access-Control-Allow-Methods', b'GET, POST, OPTIONS'), (b'Access-Control-Expose-Headers', b'Content-Length,Content-Type,Date,Server,Connection')])
2025-10-02 14:19:02 - httpcore.http11 - DEBUG - receive_response_body.started request=<Request [b'POST']>
2025-10-02 14:19:02 - httpcore.http11 - DEBUG - receive_response_body.complete
2025-10-02 14:19:02 - httpcore.http11 - DEBUG - response_closed.started
2025-10-02 14:19:02 - httpcore.http11 - DEBUG - response_closed.complete
2025-10-02 14:19:02 - httpcore.http11 - DEBUG - send_request_headers.started request=<Request [b'POST']>
2025-10-02 14:19:02 - httpcore.http11 - DEBUG - send_request_headers.complete
2025-10-02 14:19:02 - httpcore.http11 - DEBUG - send_request_body.started request=<Request [b'POST']>
2025-10-02 14:19:02 - httpcore.http11 - DEBUG - send_request_body.complete
2025-10-02 14:19:02 - httpcore.http11 - DEBUG - receive_response_headers.started request=<Request [b'POST']>
2025-10-02 14:19:02 - httpcore.http11 - DEBUG - receive_response_headers.complete return_value=(b'HTTP/1.1', 200, b'OK', [(b'Server', b'nginx/1.18.0'), (b'Date', b'Thu, 02 Oct 2025 09:19:00 GMT'), (b'Content-Type', b'application/json'), (b'Content-Length', b'68'), (b'Connection', b'keep-alive'), (b'Strict-Transport-Security', b'max-age=31536000; includeSubDomains; preload'), (b'Access-Control-Allow-Origin', b'*'), (b'Access-Control-Allow-Methods', b'GET, POST, OPTIONS'), (b'Access-Control-Expose-Headers', b'Content-Length,Content-Type,Date,Server,Connection')])
2025-10-02 14:19:02 - httpcore.http11 - DEBUG - receive_response_body.started request=<Request [b'POST']>
2025-10-02 14:19:02 - httpcore.http11 - DEBUG - receive_response_body.complete
2025-10-02 14:19:02 - httpcore.http11 - DEBUG - response_closed.started
2025-10-02 14:19:02 - httpcore.http11 - DEBUG - response_closed.complete
2025-10-02 14:19:02 - httpcore.connection - DEBUG - connect_tcp.started host='api.telegram.org' port=443 local_address=None timeout=5.0 socket_options=None
2025-10-02 14:19:02 - httpcore.connection - DEBUG - connect_tcp.complete return_value=<httpcore._backends.anyio.AnyIOStream object at 0x000001A53CC6ED50>
2025-10-02 14:19:02 - httpcore.connection - DEBUG - start_tls.started ssl_context=<ssl.SSLContext object at 0x000001A53C9B76B0> server_hostname='api.telegram.org' timeout=5.0
2025-10-02 14:19:02 - httpcore.connection - DEBUG - start_tls.complete return_value=<httpcore._backends.anyio.AnyIOStream object at 0x000001A53CB2B230>
2025-10-02 14:19:02 - httpcore.http11 - DEBUG - send_request_headers.started request=<Request [b'POST']>
2025-10-02 14:19:02 - httpcore.http11 - DEBUG - send_request_headers.complete
2025-10-02 14:19:02 - httpcore.http11 - DEBUG - send_request_body.started request=<Request [b'POST']>
2025-10-02 14:19:02 - httpcore.http11 - DEBUG - send_request_body.complete
2025-10-02 14:19:02 - httpcore.http11 - DEBUG - receive_response_headers.started request=<Request [b'POST']>
