2025-09-25 15:30:01 - src.scheduler.task_scheduler - DEBUG -    - 15:30 Поиск товара (ID: 70863)
2025-09-25 15:30:01 - src.scheduler.task_scheduler - DEBUG -    - 15:30 Поиск товара (ID: 70864)
2025-09-25 15:30:01 - src.scheduler.task_scheduler - DEBUG -    - 15:30 Поиск товара (ID: 70869)
2025-09-25 15:30:01 - src.scheduler.task_scheduler - DEBUG -    - 15:30 Поиск товара (ID: 70870)
2025-09-25 15:30:01 - src.scheduler.task_scheduler - DEBUG -    - 15:30 Поиск товара (ID: 70871)
2025-09-25 15:30:01 - src.scheduler.task_scheduler - DEBUG -    - 15:30 Поиск товара (ID: 70872)
2025-09-25 15:30:01 - src.scheduler.task_scheduler - DEBUG -    - 15:30 Раскидка (ID: 70677)
2025-09-25 15:30:01 - src.scheduler.task_scheduler - DEBUG -    - 15:30 Раскидка (ID: 70678)
2025-09-25 15:30:01 - src.scheduler.task_scheduler - DEBUG -    - 15:30 Раскидка (ID: 70681)
2025-09-25 15:30:01 - src.scheduler.task_scheduler - DEBUG -    - 15:30 Раскидка (ID: 70682)
2025-09-25 15:30:01 - src.scheduler.task_scheduler - DEBUG -    - 15:30 Раскидка (ID: 70689)
2025-09-25 15:30:01 - src.scheduler.task_scheduler - DEBUG -    - 15:30 Раскидка (ID: 70690)
2025-09-25 15:30:01 - src.scheduler.task_scheduler - DEBUG -       - Балдырган Сейтенова (F)
2025-09-25 15:30:01 - src.scheduler.task_scheduler - DEBUG -       - Оралгайша Кукушева (F)
2025-09-25 15:30:01 - src.scheduler.task_scheduler - DEBUG -       - ИРИНА ХАЛЮК (F)
2025-09-25 15:30:01 - src.scheduler.task_scheduler - DEBUG -       - АЙДЫН ЗУЛХАРНАЙ (M)
2025-09-25 15:30:01 - src.scheduler.task_scheduler - DEBUG -       - АРЗЫГУЛ АМАНМУРАДОВА (M)
2025-09-25 15:30:01 - src.scheduler.task_scheduler - DEBUG -       - Бахытжан Мамитов (M)
2025-09-25 15:30:01 - src.scheduler.task_scheduler - DEBUG -       - ЗАРИНА ШОХАНОВ (F)
2025-09-25 15:30:01 - src.scheduler.task_scheduler - DEBUG -       - РАЙЫМБЕК ШИНАЛЕЕВ (M)
2025-09-25 15:30:01 - src.scheduler.task_scheduler - DEBUG -       - НЕЛЛЯ САУКЫМОВА (F)
2025-09-25 15:30:01 - src.scheduler.task_scheduler - DEBUG -       - ЛИРА ТОНТАКАЕВА (F)
2025-09-25 15:30:01 - src.scheduler.task_scheduler - DEBUG -          - Задание ID: 71301
